<?xml version="1.0" encoding="UTF-8"?>
<testng-results skipped="0" failed="0" ignored="0" total="1" passed="1">
  <reporter-output>
  </reporter-output>
  <suite name="Surefire suite" duration-ms="48" started-at="2019-02-07T10:16:05Z" finished-at="2019-02-07T10:16:05Z">
    <groups>
    </groups>
    <test name="Surefire test" duration-ms="48" started-at="2019-02-07T10:16:05Z" finished-at="2019-02-07T10:16:05Z">
      <class name="qaclickacademy.AppTest">
        <test-method status="PASS" signature="testApp()" name="testApp" duration-ms="16" started-at="2019-02-07T10:16:05Z" finished-at="2019-02-07T10:16:05Z">
          <reporter-output>
          </reporter-output>
        </test-method> <!-- testApp -->
      </class> <!-- qaclickacademy.AppTest -->
    </test> <!-- Surefire test -->
  </suite> <!-- Surefire suite -->
</testng-results>
