<?xml version="1.0" encoding="UTF-8"?>
<testng-results skipped="0" failed="0" ignored="0" total="6" passed="6">
  <reporter-output>
  </reporter-output>
  <suite name="Surefire suite" duration-ms="31" started-at="2019-02-07T10:16:05Z" finished-at="2019-02-07T10:16:05Z">
    <groups>
    </groups>
    <test name="Surefire test" duration-ms="31" started-at="2019-02-07T10:16:05Z" finished-at="2019-02-07T10:16:05Z">
      <class name="qaclickacademy.AppiumTest">
        <test-method status="PASS" signature="IOSApps()[pri:0, instance:qaclickacademy.AppiumTest@59e84876]" name="IOSApps" duration-ms="16" started-at="2019-02-07T10:16:05Z" finished-at="2019-02-07T10:16:05Z">
          <reporter-output>
          </reporter-output>
        </test-method> <!-- IOSApps -->
        <test-method status="PASS" signature="NativeAppAndroid()[pri:0, instance:qaclickacademy.AppiumTest@59e84876]" name="NativeAppAndroid" duration-ms="0" started-at="2019-02-07T10:16:05Z" finished-at="2019-02-07T10:16:05Z">
          <reporter-output>
          </reporter-output>
        </test-method> <!-- NativeAppAndroid -->
      </class> <!-- qaclickacademy.AppiumTest -->
      <class name="qaclickacademy.RESTAPITest">
        <test-method status="PASS" signature="deleteTwitter()[pri:0, instance:qaclickacademy.RESTAPITest@61a485d2]" name="deleteTwitter" duration-ms="0" started-at="2019-02-07T10:16:05Z" finished-at="2019-02-07T10:16:05Z">
          <reporter-output>
          </reporter-output>
        </test-method> <!-- deleteTwitter -->
        <test-method status="PASS" signature="postJira()[pri:0, instance:qaclickacademy.RESTAPITest@61a485d2]" name="postJira" duration-ms="0" started-at="2019-02-07T10:16:05Z" finished-at="2019-02-07T10:16:05Z">
          <reporter-output>
          </reporter-output>
        </test-method> <!-- postJira -->
      </class> <!-- qaclickacademy.RESTAPITest -->
      <class name="qaclickacademy.SeleniumTest">
        <test-method status="PASS" signature="BrowserAutomation()[pri:0, instance:qaclickacademy.SeleniumTest@39fb3ab6]" name="BrowserAutomation" duration-ms="0" started-at="2019-02-07T10:16:05Z" finished-at="2019-02-07T10:16:05Z">
          <reporter-output>
          </reporter-output>
        </test-method> <!-- BrowserAutomation -->
        <test-method status="PASS" signature="elementsUi()[pri:0, instance:qaclickacademy.SeleniumTest@39fb3ab6]" name="elementsUi" duration-ms="0" started-at="2019-02-07T10:16:05Z" finished-at="2019-02-07T10:16:05Z">
          <reporter-output>
          </reporter-output>
        </test-method> <!-- elementsUi -->
      </class> <!-- qaclickacademy.SeleniumTest -->
    </test> <!-- Surefire test -->
  </suite> <!-- Surefire suite -->
</testng-results>
