<?xml version="1.0" encoding="UTF-8"?>
<testng-results skipped="0" failed="0" ignored="0" total="2" passed="2">
  <reporter-output>
  </reporter-output>
  <suite name="Surefire suite" duration-ms="39" started-at="2019-02-07T10:49:31Z" finished-at="2019-02-07T10:49:32Z">
    <groups>
    </groups>
    <test name="Surefire test" duration-ms="39" started-at="2019-02-07T10:49:31Z" finished-at="2019-02-07T10:49:32Z">
      <class name="qaclickacademy.AppiumTest">
        <test-method status="PASS" signature="IOSApps()[pri:0, instance:qaclickacademy.AppiumTest@2c9f9fb0]" name="IOSApps" duration-ms="7" started-at="2019-02-07T10:49:31Z" finished-at="2019-02-07T10:49:31Z">
          <reporter-output>
          </reporter-output>
        </test-method> <!-- IOSApps -->
        <test-method status="PASS" signature="NativeAppAndroid()[pri:0, instance:qaclickacademy.AppiumTest@2c9f9fb0]" name="NativeAppAndroid" duration-ms="0" started-at="2019-02-07T10:49:32Z" finished-at="2019-02-07T10:49:32Z">
          <reporter-output>
          </reporter-output>
        </test-method> <!-- NativeAppAndroid -->
      </class> <!-- qaclickacademy.AppiumTest -->
    </test> <!-- Surefire test -->
  </suite> <!-- Surefire suite -->
</testng-results>
